Error: token isn't valid
Error: videos not found
Error: video not found
Error: Argument passed in must be a string of 12 bytes or a string of 24 hex characters
Error: video not found
Error: videos not found
Error: videos not found
Error: videos not found
Error: videos not found
Error: The `uri` parameter to `openUri()` must be a string, got "undefined". Make sure the first parameter to `mongoose.connect()` or `mongoose.createConnection()` is a string.
Error: The `uri` parameter to `openUri()` must be a string, got "undefined". Make sure the first parameter to `mongoose.connect()` or `mongoose.createConnection()` is a string.
Error: The `uri` parameter to `openUri()` must be a string, got "undefined". Make sure the first parameter to `mongoose.connect()` or `mongoose.createConnection()` is a string.
Error: The `uri` parameter to `openUri()` must be a string, got "undefined". Make sure the first parameter to `mongoose.connect()` or `mongoose.createConnection()` is a string.
Error: The `uri` parameter to `openUri()` must be a string, got "undefined". Make sure the first parameter to `mongoose.connect()` or `mongoose.createConnection()` is a string.
Error: The `uri` parameter to `openUri()` must be a string, got "undefined". Make sure the first parameter to `mongoose.connect()` or `mongoose.createConnection()` is a string.
Error: The `uri` parameter to `openUri()` must be a string, got "undefined". Make sure the first parameter to `mongoose.connect()` or `mongoose.createConnection()` is a string.
Error: videos not found
Error: Cannot read properties of undefined (reading 'path')
Error: Cannot read properties of undefined (reading 'path')
Error: Cannot read properties of undefined (reading 'path')
Error: videos not found
Error: videos not found
Error: videos not found
Error: Cannot read properties of undefined (reading 'path')
Error: Cannot read properties of undefined (reading 'path')
Error: Cannot read properties of undefined (reading 'path')
Error: Cannot read properties of undefined (reading 'path')
Error: Cannot read properties of undefined (reading 'path')
Error: Cannot read properties of undefined (reading 'path')
Error: Cannot read properties of undefined (reading 'path')
Error: Cannot read properties of undefined (reading 'path')
Error: Cannot read properties of undefined (reading 'path')
Error: Cannot read properties of undefined (reading 'path')
Error: Cannot read properties of undefined (reading 'path')
Error: Cannot read properties of undefined (reading 'path')
Error: Cannot read properties of undefined (reading 'path')
Error: Argument passed in must be a string of 12 bytes or a string of 24 hex characters
Error: Argument passed in must be a string of 12 bytes or a string of 24 hex characters
Error: videos not found
Error: videos not found
